<?xml version="1.0" encoding="utf-8"?><testsuites name="pytest tests"><testsuite name="pytest" errors="0" failures="0" skipped="0" tests="26" time="8.298" timestamp="2026-09-02T01:49:38.236894+00:00" hostname="agent-env-3e8e4afe-f560-4872-aa16-61bbf9b53ce7"><testcase classname="tests.test_baitulmaal.TestReports" name="test_financial" time="1.602" /><testcase classname="tests.test_baitulmaal.TestAuth" name="test_login_all_roles" time="1.590" /><testcase classname="tests.test_baitulmaal.TestAuth" name="test_me" time="0.190" /><testcase classname="tests.test_baitulmaal.TestReports" name="test_expense_report" time="0.124" /><testcase classname="tests.test_baitulmaal.TestReports" name="test_fundraising_report" time="0.249" /><testcase classname="tests.test_baitulmaal.TestAuth" name="test_me_unauth" time="0.154" /><testcase classname="tests.test_baitulmaal.TestAuth" name="test_login_bad" time="0.349" /><testcase classname="tests.test_baitulmaal.TestReports" name="test_content_report" time="0.309" /><testcase classname="tests.test_baitulmaal.TestAuth" name="test_register_and_logout" time="0.714" /><testcase classname="tests.test_baitulmaal.TestReports" name="test_program_report" time="0.141" /><testcase classname="tests.test_baitulmaal.TestDashboard" name="test_manager_dashboard" time="0.333" /><testcase classname="tests.test_baitulmaal.TestDashboard" name="test_content_dashboard" time="0.182" /><testcase classname="tests.test_baitulmaal.TestDashboard" name="test_fundraising_dashboard" time="0.137" /><testcase classname="tests.test_baitulmaal.TestRBAC" name="test_content_forbidden_finance" time="0.935" /><testcase classname="tests.test_baitulmaal.TestDonationIntegrity" name="test_paid_donation_updates_program_and_finance" time="1.232" /><testcase classname="tests.test_baitulmaal.TestRBAC" name="test_fundraising_expense_blocked" time="0.621" /><testcase classname="tests.test_baitulmaal.TestDonationIntegrity" name="test_pending_not_counted" time="0.452" /><testcase classname="tests.test_baitulmaal.TestRBAC" name="test_fundraising_allowed" time="0.461" /><testcase classname="tests.test_baitulmaal.TestDonationIntegrity" name="test_filters_and_search" time="0.213" /><testcase classname="tests.test_baitulmaal.TestPrograms" name="test_list_enriched" time="0.193" /><testcase classname="tests.test_baitulmaal.TestRBAC" name="test_manager_all" time="1.322" /><testcase classname="tests.test_baitulmaal.TestPrograms" name="test_crud" time="0.673" /><testcase classname="tests.test_baitulmaal.TestDonors" name="test_get_donor_with_history" time="0.126" /><testcase classname="tests.test_baitulmaal.TestExpenseIntegrity" name="test_expense_updates_finance_and_program" time="0.779" /><testcase classname="tests.test_baitulmaal.TestTasks" name="test_task_lifecycle" time="1.464" /><testcase classname="tests.test_baitulmaal.TestTasks" name="test_task_search" time="0.148" /></testsuite></testsuites>