<?xml version="1.0" encoding="utf-8"?><testsuites name="pytest tests"><testsuite name="pytest" errors="0" failures="0" skipped="0" tests="22" time="49.069" timestamp="2026-09-02T07:28:12.850712+00:00" hostname="agent-env-3e8e4afe-f560-4872-aa16-61bbf9b53ce7"><testcase classname="tests.test_ai_content.TestRegression" name="test_login_all" time="1.360" /><testcase classname="tests.test_ai_content.TestRegression" name="test_dashboard" time="0.513" /><testcase classname="tests.test_ai_content.TestAIRBAC" name="test_fundraising_blocked_generate" time="1.683" /><testcase classname="tests.test_ai_content.TestAIRBAC" name="test_fundraising_blocked_list_items" time="0.130" /><testcase classname="tests.test_ai_content.TestAIRBAC" name="test_fundraising_blocked_create_task" time="0.133" /><testcase classname="tests.test_ai_content.TestRegression" name="test_finance_summary_manager" time="0.187" /><testcase classname="tests.test_ai_content.TestAIRBAC" name="test_manager_allowed_list" time="0.171" /><testcase classname="tests.test_ai_content.TestRegression" name="test_programs" time="0.114" /><testcase classname="tests.test_ai_content.TestAIRBAC" name="test_content_allowed_list" time="0.110" /><testcase classname="tests.test_ai_content.TestRegression" name="test_tasks" time="0.117" /><testcase classname="tests.test_ai_content.TestAIRBAC" name="test_ai_programs_context" time="0.149" /><testcase classname="tests.test_ai_content.TestRegression" name="test_donation_create" time="0.129" /><testcase classname="tests.test_ai_content.TestAIGenerate" name="test_from_program_shape" time="13.691" /><testcase classname="tests.test_ai_content.TestAIGenerate" name="test_from_idea" time="12.104" /><testcase classname="tests.test_ai_content.TestContentItemsCRUD" name="test_list" time="14.558" /><testcase classname="tests.test_ai_content.TestContentItemsCRUD" name="test_update_status_approved" time="0.351" /><testcase classname="tests.test_ai_content.TestContentItemsCRUD" name="test_duplicate" time="0.254" /><testcase classname="tests.test_ai_content.TestContentItemsCRUD" name="test_soft_delete" time="0.518" /><testcase classname="tests.test_ai_content.TestCreateTaskFromContent" name="test_create_task_transfers_brief_and_checklist" time="0.704" /><testcase classname="tests.test_ai_content.TestAIGenerate" name="test_persisted_in_library" time="0.144" /><testcase classname="tests.test_ai_content.TestAITransform" name="test_improve_hook" time="10.282" /><testcase classname="tests.test_ai_content.TestAITransform" name="test_shorter" time="10.019" /></testsuite></testsuites>